[debug] [2021-01-17T16:02:37.389Z] ----------------------------------------------------------------------
[debug] [2021-01-17T16:02:37.391Z] Command:       /usr/bin/node /usr/local/bin/firebase init
[debug] [2021-01-17T16:02:37.391Z] CLI Version:   9.2.1
[debug] [2021-01-17T16:02:37.391Z] Platform:      linux
[debug] [2021-01-17T16:02:37.391Z] Node Version:  v10.19.0
[debug] [2021-01-17T16:02:37.392Z] Time:          Sun Jan 17 2021 19:02:37 GMT+0300 (Moscow Standard Time)
[debug] [2021-01-17T16:02:37.392Z] ----------------------------------------------------------------------
[debug] [2021-01-17T16:02:37.392Z] 
[debug] [2021-01-17T16:02:37.397Z] > command requires scopes: ["email","openid","https://www.googleapis.com/auth/cloudplatformprojects.readonly","https://www.googleapis.com/auth/firebase","https://www.googleapis.com/auth/cloud-platform"]
[debug] [2021-01-17T16:02:37.397Z] > authorizing via signed-in user
[info] 
     ######## #### ########  ######## ########     ###     ######  ########
     ##        ##  ##     ## ##       ##     ##  ##   ##  ##       ##
     ######    ##  ########  ######   ########  #########  ######  ######
     ##        ##  ##    ##  ##       ##     ## ##     ##       ## ##
     ##       #### ##     ## ######## ########  ##     ##  ######  ########

You're about to initialize a Firebase project in this directory:

  /home/vlad/main/Programming/Js/frontendProject

[info] 
=== Project Setup
[info] 
[info] First, let's associate this project directory with a Firebase project.
[info] You can create multiple project aliases by running firebase use --add, 
[info] but for now we'll just set up a default project.
[info] 
[debug] [2021-01-17T16:03:08.998Z] >>> [apiv2][query] GET https://firebase.googleapis.com/v1beta1/projects pageSize=100
[debug] [2021-01-17T16:03:09.729Z] <<< [apiv2][status] GET https://firebase.googleapis.com/v1beta1/projects 200
[debug] [2021-01-17T16:03:09.729Z] <<< [apiv2][body] GET https://firebase.googleapis.com/v1beta1/projects [omitted]
[info] i  Using project wgameapi (wgame) 
[info] 
=== Hosting Setup
[info] 
[info] Your public directory is the folder (relative to your project directory) that
[info] will contain Hosting assets to be uploaded with firebase deploy. If you
[info] have a build process for your assets, use your build's output directory.
[info] 
[debug] [2021-01-17T16:03:35.482Z] >>> [apiv2][query] GET https://www.gstatic.com/firebasejs/releases.json [none]
[debug] [2021-01-17T16:03:36.126Z] <<< [apiv2][status] GET https://www.gstatic.com/firebasejs/releases.json 200
[debug] [2021-01-17T16:03:36.126Z] <<< [apiv2][body] GET https://www.gstatic.com/firebasejs/releases.json {"current":{"version":"8.2.3","browserURL":"https://www.gstatic.com/firebasejs/8.2.3/firebase.js","packageURL":"https://www.gstatic.com/firebasejs/8.2.3/firebase.tgz"},"live":{"version":"8.2","browserURL":"https://www.gstatic.com/firebasejs/live/8.2/firebase.js","packageURL":"https://www.gstatic.com/firebasejs/live/8.2/firebase.tgz"},"components":{"analytics":"https://www.gstatic.com/firebasejs/8.2.3/firebase-analytics.js","app":"https://www.gstatic.com/firebasejs/8.2.3/firebase-app.js","auth":"https://www.gstatic.com/firebasejs/8.2.3/firebase-auth.js","database":"https://www.gstatic.com/firebasejs/8.2.3/firebase-database.js","firestore":"https://www.gstatic.com/firebasejs/8.2.3/firebase-firestore.js","functions":"https://www.gstatic.com/firebasejs/8.2.3/firebase-functions.js","installations":"https://www.gstatic.com/firebasejs/8.2.3/firebase-installations.js","messaging":"https://www.gstatic.com/firebasejs/8.2.3/firebase-messaging.js","storage":"https://www.gstatic.com/firebasejs/8.2.3/firebase-storage.js","performance":"https://www.gstatic.com/firebasejs/8.2.3/firebase-performance.js","remote-config":"https://www.gstatic.com/firebasejs/8.2.3/firebase-remote-config.js","firestore.memory":"https://www.gstatic.com/firebasejs/8.2.3/firebase-firestore.memory.js"}}
[info] ✔  Wrote public/index.html 
[info] 
[info] i  Didn't detect a .git folder. Assuming /home/vlad/main/Programming/Js/frontendProject is the project root. 
[info] i  Authorizing with GitHub to upload your service account to a GitHub repository's secrets store. 
[info] 
[info] Visit this URL on this device to log in:
[info] https://github.com/login/oauth/authorize?client_id=89cf50f02ac6aaed3484&state=259763776&redirect_uri=http%3A%2F%2Flocalhost%3A9005&scope=read%3Auser%20repo%20public_repo
[info] 
[info] Waiting for authentication...
[debug] [2021-01-17T16:03:44.645Z] >>> HTTP REQUEST POST https://github.com/login/oauth/access_token  
 {"client_id":"89cf50f02ac6aaed3484","client_secret":"3330d14abc895d9a74d5f17cd7a00711fa2c5bf0","code":"5090b8114372c891661b","redirect_uri":"http://localhost:9005","state":"259763776"}
[debug] [2021-01-17T16:03:45.150Z] <<< HTTP RESPONSE 200 {"date":"Sun, 17 Jan 2021 16:03:45 GMT","content-type":"application/json; charset=utf-8","transfer-encoding":"chunked","server":"GitHub.com","status":"200 OK","vary":"X-PJAX, Accept-Encoding, Accept, X-Requested-With, Accept-Encoding","etag":"W/\"a920c57313599a0eb57841a9400b10c9\"","cache-control":"max-age=0, private, must-revalidate","strict-transport-security":"max-age=31536000; includeSubdomains; preload","x-frame-options":"deny","x-content-type-options":"nosniff","x-xss-protection":"1; mode=block","referrer-policy":"origin-when-cross-origin, strict-origin-when-cross-origin","expect-ct":"max-age=2592000, report-uri=\"https://api.github.com/_private/browser/errors\"","content-security-policy":"default-src 'none'; base-uri 'self'; block-all-mixed-content; connect-src 'self' uploads.github.com www.githubstatus.com collector.githubapp.com api.github.com github-cloud.s3.amazonaws.com github-production-repository-file-5c1aeb.s3.amazonaws.com github-production-upload-manifest-file-7fdce7.s3.amazonaws.com github-production-user-asset-6210df.s3.amazonaws.com cdn.optimizely.com logx.optimizely.com/v1/events wss://alive.github.com; font-src github.githubassets.com; form-action 'self' github.com gist.github.com; frame-ancestors 'none'; frame-src render.githubusercontent.com; img-src 'self' data: github.githubassets.com identicons.github.com collector.githubapp.com github-cloud.s3.amazonaws.com *.githubusercontent.com; manifest-src 'self'; media-src 'none'; script-src github.githubassets.com; style-src 'unsafe-inline' github.githubassets.com; worker-src github.com/socket-worker-5029ae85.js gist.github.com/socket-worker-5029ae85.js","x-github-request-id":"9942:7310:3DD70FC:4FB99C7:60045FE0"}
[debug] [2021-01-17T16:03:45.152Z] >>> [apiv2][query] GET https://api.github.com/user [none]
[debug] [2021-01-17T16:03:45.690Z] <<< [apiv2][status] GET https://api.github.com/user 200
[debug] [2021-01-17T16:03:45.691Z] <<< [apiv2][body] GET https://api.github.com/user {"login":"Lykashonok","id":48084905,"node_id":"MDQ6VXNlcjQ4MDg0OTA1","avatar_url":"https://avatars3.githubusercontent.com/u/48084905?v=4","gravatar_id":"","url":"https://api.github.com/users/Lykashonok","html_url":"https://github.com/Lykashonok","followers_url":"https://api.github.com/users/Lykashonok/followers","following_url":"https://api.github.com/users/Lykashonok/following{/other_user}","gists_url":"https://api.github.com/users/Lykashonok/gists{/gist_id}","starred_url":"https://api.github.com/users/Lykashonok/starred{/owner}{/repo}","subscriptions_url":"https://api.github.com/users/Lykashonok/subscriptions","organizations_url":"https://api.github.com/users/Lykashonok/orgs","repos_url":"https://api.github.com/users/Lykashonok/repos","events_url":"https://api.github.com/users/Lykashonok/events{/privacy}","received_events_url":"https://api.github.com/users/Lykashonok/received_events","type":"User","site_admin":false,"name":null,"company":null,"blog":"","location":null,"email":null,"hireable":null,"bio":null,"twitter_username":null,"public_repos":11,"public_gists":0,"followers":7,"following":6,"created_at":"2019-02-28T08:26:53Z","updated_at":"2021-01-17T16:03:43Z","private_gists":0,"total_private_repos":3,"owned_private_repos":3,"disk_usage":53949,"collaborators":1,"two_factor_authentication":false,"plan":{"name":"free","space":976562499,"collaborators":0,"private_repos":10000}}
[info] 
[info] ✔  Success! Logged into GitHub as Lykashonok 
[info] 
